app/build/intermediates/manifest_merge_blame_file/release/manifest-merger-blame-release-report.txt
1<?xml version="1.0" encoding="utf-8"?>
2<manifest xmlns:android="http://schemas.android.com/apk/res/android"
3    package="com.yourcompany.excesseats"
4    android:versionCode="1"
5    android:versionName="1.0" >
6
7    <uses-sdk
8        android:minSdkVersion="24"
9        android:targetSdkVersion="34" />
10
11    <!-- Permissions -->
12    <uses-permission android:name="android.permission.INTERNET" />
12-->src/main/AndroidManifest.xml:6:5-67
12-->src/main/AndroidManifest.xml:6:22-64
13    <uses-permission android:name="android.permission.ACCESS_NETWORK_STATE" />
13-->src/main/AndroidManifest.xml:7:5-79
13-->src/main/AndroidManifest.xml:7:22-76
14    <uses-permission android:name="android.permission.ACCESS_FINE_LOCATION" />
14-->src/main/AndroidManifest.xml:8:5-79
14-->src/main/AndroidManifest.xml:8:22-76
15    <uses-permission android:name="android.permission.ACCESS_COARSE_LOCATION" />
15-->src/main/AndroidManifest.xml:9:5-81
15-->src/main/AndroidManifest.xml:9:22-78
16    <uses-permission android:name="android.permission.CAMERA" />
16-->src/main/AndroidManifest.xml:10:5-65
16-->src/main/AndroidManifest.xml:10:22-62
17    <uses-permission
17-->src/main/AndroidManifest.xml:11:5-107
18        android:name="android.permission.READ_EXTERNAL_STORAGE"
18-->src/main/AndroidManifest.xml:11:22-77
19        android:maxSdkVersion="32" />
19-->src/main/AndroidManifest.xml:11:78-104
20    <uses-permission android:name="android.permission.READ_MEDIA_IMAGES" />
20-->src/main/AndroidManifest.xml:12:5-76
20-->src/main/AndroidManifest.xml:12:22-73
21
22    <!-- Features -->
23    <uses-feature
23-->src/main/AndroidManifest.xml:15:5-85
24        android:name="android.hardware.camera"
24-->src/main/AndroidManifest.xml:15:19-57
25        android:required="false" />
25-->src/main/AndroidManifest.xml:15:58-82
26    <uses-feature
26-->src/main/AndroidManifest.xml:16:5-87
27        android:name="android.hardware.location"
27-->src/main/AndroidManifest.xml:16:19-59
28        android:required="false" />
28-->src/main/AndroidManifest.xml:16:60-84
29    <uses-feature
29-->src/main/AndroidManifest.xml:17:5-91
30        android:name="android.hardware.location.gps"
30-->src/main/AndroidManifest.xml:17:19-63
31        android:required="false" />
31-->src/main/AndroidManifest.xml:17:64-88
32
33    <!-- Queries -->
34    <queries>
34-->src/main/AndroidManifest.xml:20:5-38:15
35        <intent>
35-->src/main/AndroidManifest.xml:21:9-23:18
36            <action android:name="android.media.action.IMAGE_CAPTURE" />
36-->src/main/AndroidManifest.xml:22:13-73
36-->src/main/AndroidManifest.xml:22:21-70
37        </intent>
38        <intent>
38-->src/main/AndroidManifest.xml:24:9-27:18
39            <action android:name="android.intent.action.GET_CONTENT" />
39-->src/main/AndroidManifest.xml:25:13-72
39-->src/main/AndroidManifest.xml:25:21-69
40
41            <data android:mimeType="image/*" />
41-->src/main/AndroidManifest.xml:26:13-48
41-->src/main/AndroidManifest.xml:26:19-45
42        </intent>
43        <intent>
43-->src/main/AndroidManifest.xml:28:9-31:18
44            <action android:name="android.intent.action.PICK" />
44-->src/main/AndroidManifest.xml:29:13-65
44-->src/main/AndroidManifest.xml:29:21-62
45
46            <data android:mimeType="image/*" />
46-->src/main/AndroidManifest.xml:26:13-48
46-->src/main/AndroidManifest.xml:26:19-45
47        </intent>
48        <intent>
48-->src/main/AndroidManifest.xml:32:9-35:18
49            <action android:name="android.intent.action.OPEN_DOCUMENT" />
49-->src/main/AndroidManifest.xml:33:13-74
49-->src/main/AndroidManifest.xml:33:21-71
50
51            <data android:mimeType="image/*" />
51-->src/main/AndroidManifest.xml:26:13-48
51-->src/main/AndroidManifest.xml:26:19-45
52        </intent>
53
54        <package android:name="com.google.android.apps.photos" />
54-->src/main/AndroidManifest.xml:36:9-66
54-->src/main/AndroidManifest.xml:36:18-63
55
56        <provider android:authorities="com.google.android.apps.photos.contentprovider" />
56-->src/main/AndroidManifest.xml:37:9-90
56-->src/main/AndroidManifest.xml:37:19-87
57        <!-- Needs to be explicitly declared on Android R+ -->
58        <package android:name="com.google.android.apps.maps" />
58-->[com.google.android.gms:play-services-maps:18.2.0] AndroidManifest.xml:33:9-64
58-->[com.google.android.gms:play-services-maps:18.2.0] AndroidManifest.xml:33:18-61
59    </queries>
60
61    <uses-permission android:name="android.permission.ACCESS_WIFI_STATE" />
61-->[com.google.android.libraries.places:places:3.2.0] AndroidManifest.xml:11:5-76
61-->[com.google.android.libraries.places:places:3.2.0] AndroidManifest.xml:11:22-73
62
63    <uses-feature
63-->[com.google.android.gms:play-services-maps:18.2.0] AndroidManifest.xml:26:5-28:35
64        android:glEsVersion="0x00020000"
64-->[com.google.android.gms:play-services-maps:18.2.0] AndroidManifest.xml:27:9-41
65        android:required="true" />
65-->[com.google.android.gms:play-services-maps:18.2.0] AndroidManifest.xml:28:9-32
66
67    <uses-permission android:name="com.google.android.providers.gsf.permission.READ_GSERVICES" />
67-->[com.google.android.recaptcha:recaptcha:18.4.0] AndroidManifest.xml:9:5-98
67-->[com.google.android.recaptcha:recaptcha:18.4.0] AndroidManifest.xml:9:22-95
68
69    <permission
69-->[androidx.core:core:1.10.1] AndroidManifest.xml:22:5-24:47
70        android:name="com.yourcompany.excesseats.DYNAMIC_RECEIVER_NOT_EXPORTED_PERMISSION"
70-->[androidx.core:core:1.10.1] AndroidManifest.xml:23:9-81
71        android:protectionLevel="signature" />
71-->[androidx.core:core:1.10.1] AndroidManifest.xml:24:9-44
72
73    <uses-permission android:name="com.yourcompany.excesseats.DYNAMIC_RECEIVER_NOT_EXPORTED_PERMISSION" />
73-->[androidx.core:core:1.10.1] AndroidManifest.xml:26:5-97
73-->[androidx.core:core:1.10.1] AndroidManifest.xml:26:22-94
74
75    <application
75-->src/main/AndroidManifest.xml:40:5-92:19
76        android:name="com.yourcompany.excesseats.ExcessEatsApplication"
76-->src/main/AndroidManifest.xml:41:9-46
77        android:allowBackup="true"
77-->src/main/AndroidManifest.xml:42:9-35
78        android:appComponentFactory="androidx.core.app.CoreComponentFactory"
78-->[androidx.core:core:1.10.1] AndroidManifest.xml:28:18-86
79        android:dataExtractionRules="@xml/data_extraction_rules"
79-->src/main/AndroidManifest.xml:43:9-65
80        android:extractNativeLibs="false"
81        android:fullBackupContent="@xml/backup_rules"
81-->src/main/AndroidManifest.xml:44:9-54
82        android:icon="@mipmap/ic_launcher"
82-->src/main/AndroidManifest.xml:45:9-43
83        android:label="@string/app_name"
83-->src/main/AndroidManifest.xml:46:9-41
84        android:requestLegacyExternalStorage="true"
84-->src/main/AndroidManifest.xml:50:9-52
85        android:roundIcon="@mipmap/ic_launcher_round"
85-->src/main/AndroidManifest.xml:47:9-54
86        android:supportsRtl="true"
86-->src/main/AndroidManifest.xml:48:9-35
87        android:theme="@style/Theme.ExcessEats" >
87-->src/main/AndroidManifest.xml:49:9-48
88
89        <!-- FileProvider -->
90        <provider
90-->src/main/AndroidManifest.xml:54:9-62:20
91            android:name="androidx.core.content.FileProvider"
91-->src/main/AndroidManifest.xml:55:13-62
92            android:authorities="com.yourcompany.excesseats.fileprovider"
92-->src/main/AndroidManifest.xml:56:13-74
93            android:exported="false"
93-->src/main/AndroidManifest.xml:57:13-37
94            android:grantUriPermissions="true" >
94-->src/main/AndroidManifest.xml:58:13-47
95            <meta-data
95-->src/main/AndroidManifest.xml:59:13-61:54
96                android:name="android.support.FILE_PROVIDER_PATHS"
96-->src/main/AndroidManifest.xml:60:17-67
97                android:resource="@xml/file_paths" />
97-->src/main/AndroidManifest.xml:61:17-51
98        </provider>
99
100        <!-- Activities -->
101        <activity
101-->src/main/AndroidManifest.xml:65:9-73:20
102            android:name="com.yourcompany.excesseats.auth.LoginActivity"
102-->src/main/AndroidManifest.xml:66:13-47
103            android:exported="true"
103-->src/main/AndroidManifest.xml:67:13-36
104            android:theme="@style/Theme.ExcessEats.NoActionBar" >
104-->src/main/AndroidManifest.xml:68:13-64
105            <intent-filter>
105-->src/main/AndroidManifest.xml:69:13-72:29
106                <action android:name="android.intent.action.MAIN" />
106-->src/main/AndroidManifest.xml:70:17-69
106-->src/main/AndroidManifest.xml:70:25-66
107
108                <category android:name="android.intent.category.LAUNCHER" />
108-->src/main/AndroidManifest.xml:71:17-77
108-->src/main/AndroidManifest.xml:71:27-74
109            </intent-filter>
110        </activity>
111        <activity
111-->src/main/AndroidManifest.xml:75:9-78:67
112            android:name="com.yourcompany.excesseats.auth.RegisterActivity"
112-->src/main/AndroidManifest.xml:76:13-50
113            android:exported="false"
113-->src/main/AndroidManifest.xml:77:13-37
114            android:theme="@style/Theme.ExcessEats.NoActionBar" />
114-->src/main/AndroidManifest.xml:78:13-64
115        <activity
115-->src/main/AndroidManifest.xml:80:9-85:20
116            android:name="com.yourcompany.excesseats.MainActivity"
116-->src/main/AndroidManifest.xml:81:13-41
117            android:exported="true"
117-->src/main/AndroidManifest.xml:82:13-36
118            android:label="@string/app_name"
118-->src/main/AndroidManifest.xml:84:13-45
119            android:windowSoftInputMode="adjustPan|adjustResize" >
119-->src/main/AndroidManifest.xml:83:13-65
120        </activity>
121
122        <!-- Maps API Key -->
123        <meta-data
123-->src/main/AndroidManifest.xml:88:9-90:55
124            android:name="com.google.android.geo.API_KEY"
124-->src/main/AndroidManifest.xml:89:13-58
125            android:value="@string/google_maps_key" />
125-->src/main/AndroidManifest.xml:90:13-52
126
127        <service
127-->[androidx.room:room-runtime:2.6.1] AndroidManifest.xml:24:9-28:63
128            android:name="androidx.room.MultiInstanceInvalidationService"
128-->[androidx.room:room-runtime:2.6.1] AndroidManifest.xml:25:13-74
129            android:directBootAware="true"
129-->[androidx.room:room-runtime:2.6.1] AndroidManifest.xml:26:13-43
130            android:exported="false" />
130-->[androidx.room:room-runtime:2.6.1] AndroidManifest.xml:27:13-37
131
132        <activity
132-->[com.google.android.libraries.places:places:3.2.0] AndroidManifest.xml:15:9-21:20
133            android:name="com.google.android.libraries.places.widget.AutocompleteActivity"
133-->[com.google.android.libraries.places:places:3.2.0] AndroidManifest.xml:16:13-91
134            android:exported="false"
134-->[com.google.android.libraries.places:places:3.2.0] AndroidManifest.xml:17:13-37
135            android:label="@string/places_autocomplete_label"
135-->[com.google.android.libraries.places:places:3.2.0] AndroidManifest.xml:18:13-62
136            android:theme="@style/PlacesAutocompleteOverlay"
136-->[com.google.android.libraries.places:places:3.2.0] AndroidManifest.xml:19:13-61
137            android:windowSoftInputMode="adjustResize" >
137-->[com.google.android.libraries.places:places:3.2.0] AndroidManifest.xml:20:13-55
138        </activity>
139
140        <provider
140-->[androidx.emoji2:emoji2:1.2.0] AndroidManifest.xml:24:9-32:20
141            android:name="androidx.startup.InitializationProvider"
141-->[androidx.emoji2:emoji2:1.2.0] AndroidManifest.xml:25:13-67
142            android:authorities="com.yourcompany.excesseats.androidx-startup"
142-->[androidx.emoji2:emoji2:1.2.0] AndroidManifest.xml:26:13-68
143            android:exported="false" >
143-->[androidx.emoji2:emoji2:1.2.0] AndroidManifest.xml:27:13-37
144            <meta-data
144-->[androidx.emoji2:emoji2:1.2.0] AndroidManifest.xml:29:13-31:52
145                android:name="androidx.emoji2.text.EmojiCompatInitializer"
145-->[androidx.emoji2:emoji2:1.2.0] AndroidManifest.xml:30:17-75
146                android:value="androidx.startup" />
146-->[androidx.emoji2:emoji2:1.2.0] AndroidManifest.xml:31:17-49
147            <meta-data
147-->[androidx.lifecycle:lifecycle-process:2.6.2] AndroidManifest.xml:29:13-31:52
148                android:name="androidx.lifecycle.ProcessLifecycleInitializer"
148-->[androidx.lifecycle:lifecycle-process:2.6.2] AndroidManifest.xml:30:17-78
149                android:value="androidx.startup" />
149-->[androidx.lifecycle:lifecycle-process:2.6.2] AndroidManifest.xml:31:17-49
150            <meta-data
150-->[androidx.profileinstaller:profileinstaller:1.3.0] AndroidManifest.xml:29:13-31:52
151                android:name="androidx.profileinstaller.ProfileInstallerInitializer"
151-->[androidx.profileinstaller:profileinstaller:1.3.0] AndroidManifest.xml:30:17-85
152                android:value="androidx.startup" />
152-->[androidx.profileinstaller:profileinstaller:1.3.0] AndroidManifest.xml:31:17-49
153        </provider>
154
155        <activity
155-->[com.google.android.gms:play-services-auth:20.7.0] AndroidManifest.xml:23:9-27:75
156            android:name="com.google.android.gms.auth.api.signin.internal.SignInHubActivity"
156-->[com.google.android.gms:play-services-auth:20.7.0] AndroidManifest.xml:24:13-93
157            android:excludeFromRecents="true"
157-->[com.google.android.gms:play-services-auth:20.7.0] AndroidManifest.xml:25:13-46
158            android:exported="false"
158-->[com.google.android.gms:play-services-auth:20.7.0] AndroidManifest.xml:26:13-37
159            android:theme="@android:style/Theme.Translucent.NoTitleBar" />
159-->[com.google.android.gms:play-services-auth:20.7.0] AndroidManifest.xml:27:13-72
160        <!--
161            Service handling Google Sign-In user revocation. For apps that do not integrate with
162            Google Sign-In, this service will never be started.
163        -->
164        <service
164-->[com.google.android.gms:play-services-auth:20.7.0] AndroidManifest.xml:33:9-37:51
165            android:name="com.google.android.gms.auth.api.signin.RevocationBoundService"
165-->[com.google.android.gms:play-services-auth:20.7.0] AndroidManifest.xml:34:13-89
166            android:exported="true"
166-->[com.google.android.gms:play-services-auth:20.7.0] AndroidManifest.xml:35:13-36
167            android:permission="com.google.android.gms.auth.api.signin.permission.REVOCATION_NOTIFICATION"
167-->[com.google.android.gms:play-services-auth:20.7.0] AndroidManifest.xml:36:13-107
168            android:visibleToInstantApps="true" /> <!-- Needs to be explicitly declared on P+ -->
168-->[com.google.android.gms:play-services-auth:20.7.0] AndroidManifest.xml:37:13-48
169        <uses-library
169-->[com.google.android.gms:play-services-maps:18.2.0] AndroidManifest.xml:39:9-41:40
170            android:name="org.apache.http.legacy"
170-->[com.google.android.gms:play-services-maps:18.2.0] AndroidManifest.xml:40:13-50
171            android:required="false" />
171-->[com.google.android.gms:play-services-maps:18.2.0] AndroidManifest.xml:41:13-37
172
173        <service
173-->[com.google.firebase:firebase-auth-ktx:22.3.1] AndroidManifest.xml:8:9-14:19
174            android:name="com.google.firebase.components.ComponentDiscoveryService"
174-->[com.google.firebase:firebase-auth-ktx:22.3.1] AndroidManifest.xml:9:13-84
175            android:directBootAware="true"
175-->[com.google.firebase:firebase-common:20.4.2] AndroidManifest.xml:32:13-43
176            android:exported="false" >
176-->[com.google.firebase:firebase-auth-ktx:22.3.1] AndroidManifest.xml:10:13-37
177            <meta-data
177-->[com.google.firebase:firebase-auth-ktx:22.3.1] AndroidManifest.xml:11:13-13:85
178                android:name="com.google.firebase.components:com.google.firebase.auth.ktx.FirebaseAuthLegacyRegistrar"
178-->[com.google.firebase:firebase-auth-ktx:22.3.1] AndroidManifest.xml:12:17-119
179                android:value="com.google.firebase.components.ComponentRegistrar" />
179-->[com.google.firebase:firebase-auth-ktx:22.3.1] AndroidManifest.xml:13:17-82
180            <meta-data
180-->[com.google.firebase:firebase-auth:22.3.1] AndroidManifest.xml:69:13-71:85
181                android:name="com.google.firebase.components:com.google.firebase.auth.FirebaseAuthRegistrar"
181-->[com.google.firebase:firebase-auth:22.3.1] AndroidManifest.xml:70:17-109
182                android:value="com.google.firebase.components.ComponentRegistrar" />
182-->[com.google.firebase:firebase-auth:22.3.1] AndroidManifest.xml:71:17-82
183            <meta-data
183-->[com.google.firebase:firebase-storage-ktx:20.3.0] AndroidManifest.xml:12:13-14:85
184                android:name="com.google.firebase.components:com.google.firebase.storage.ktx.FirebaseStorageLegacyRegistrar"
184-->[com.google.firebase:firebase-storage-ktx:20.3.0] AndroidManifest.xml:13:17-125
185                android:value="com.google.firebase.components.ComponentRegistrar" />
185-->[com.google.firebase:firebase-storage-ktx:20.3.0] AndroidManifest.xml:14:17-82
186            <meta-data
186-->[com.google.firebase:firebase-storage:20.3.0] AndroidManifest.xml:30:13-32:85
187                android:name="com.google.firebase.components:com.google.firebase.storage.FirebaseStorageKtxRegistrar"
187-->[com.google.firebase:firebase-storage:20.3.0] AndroidManifest.xml:31:17-118
188                android:value="com.google.firebase.components.ComponentRegistrar" />
188-->[com.google.firebase:firebase-storage:20.3.0] AndroidManifest.xml:32:17-82
189            <meta-data
189-->[com.google.firebase:firebase-storage:20.3.0] AndroidManifest.xml:33:13-35:85
190                android:name="com.google.firebase.components:com.google.firebase.storage.StorageRegistrar"
190-->[com.google.firebase:firebase-storage:20.3.0] AndroidManifest.xml:34:17-107
191                android:value="com.google.firebase.components.ComponentRegistrar" />
191-->[com.google.firebase:firebase-storage:20.3.0] AndroidManifest.xml:35:17-82
192            <meta-data
192-->[com.google.firebase:firebase-database-ktx:20.3.0] AndroidManifest.xml:12:13-14:85
193                android:name="com.google.firebase.components:com.google.firebase.database.ktx.FirebaseDatabaseLegacyRegistrar"
193-->[com.google.firebase:firebase-database-ktx:20.3.0] AndroidManifest.xml:13:17-127
194                android:value="com.google.firebase.components.ComponentRegistrar" />
194-->[com.google.firebase:firebase-database-ktx:20.3.0] AndroidManifest.xml:14:17-82
195            <meta-data
195-->[com.google.firebase:firebase-database:20.3.0] AndroidManifest.xml:29:13-31:85
196                android:name="com.google.firebase.components:com.google.firebase.database.FirebaseDatabaseKtxRegistrar"
196-->[com.google.firebase:firebase-database:20.3.0] AndroidManifest.xml:30:17-120
197                android:value="com.google.firebase.components.ComponentRegistrar" />
197-->[com.google.firebase:firebase-database:20.3.0] AndroidManifest.xml:31:17-82
198            <meta-data
198-->[com.google.firebase:firebase-database:20.3.0] AndroidManifest.xml:32:13-34:85
199                android:name="com.google.firebase.components:com.google.firebase.database.DatabaseRegistrar"
199-->[com.google.firebase:firebase-database:20.3.0] AndroidManifest.xml:33:17-109
200                android:value="com.google.firebase.components.ComponentRegistrar" />
200-->[com.google.firebase:firebase-database:20.3.0] AndroidManifest.xml:34:17-82
201            <meta-data
201-->[com.google.firebase:firebase-firestore-ktx:24.10.2] AndroidManifest.xml:12:13-14:85
202                android:name="com.google.firebase.components:com.google.firebase.firestore.ktx.FirebaseFirestoreLegacyRegistrar"
202-->[com.google.firebase:firebase-firestore-ktx:24.10.2] AndroidManifest.xml:13:17-129
203                android:value="com.google.firebase.components.ComponentRegistrar" />
203-->[com.google.firebase:firebase-firestore-ktx:24.10.2] AndroidManifest.xml:14:17-82
204            <meta-data
204-->[com.google.firebase:firebase-firestore:24.10.2] AndroidManifest.xml:17:13-19:85
205                android:name="com.google.firebase.components:com.google.firebase.firestore.FirebaseFirestoreKtxRegistrar"
205-->[com.google.firebase:firebase-firestore:24.10.2] AndroidManifest.xml:18:17-122
206                android:value="com.google.firebase.components.ComponentRegistrar" />
206-->[com.google.firebase:firebase-firestore:24.10.2] AndroidManifest.xml:19:17-82
207            <meta-data
207-->[com.google.firebase:firebase-firestore:24.10.2] AndroidManifest.xml:20:13-22:85
208                android:name="com.google.firebase.components:com.google.firebase.firestore.FirestoreRegistrar"
208-->[com.google.firebase:firebase-firestore:24.10.2] AndroidManifest.xml:21:17-111
209                android:value="com.google.firebase.components.ComponentRegistrar" />
209-->[com.google.firebase:firebase-firestore:24.10.2] AndroidManifest.xml:22:17-82
210            <meta-data
210-->[com.google.firebase:firebase-appcheck:17.1.2] AndroidManifest.xml:25:13-27:85
211                android:name="com.google.firebase.components:com.google.firebase.appcheck.FirebaseAppCheckKtxRegistrar"
211-->[com.google.firebase:firebase-appcheck:17.1.2] AndroidManifest.xml:26:17-120
212                android:value="com.google.firebase.components.ComponentRegistrar" />
212-->[com.google.firebase:firebase-appcheck:17.1.2] AndroidManifest.xml:27:17-82
213            <meta-data
213-->[com.google.firebase:firebase-appcheck:17.1.2] AndroidManifest.xml:28:13-30:85
214                android:name="com.google.firebase.components:com.google.firebase.appcheck.FirebaseAppCheckRegistrar"
214-->[com.google.firebase:firebase-appcheck:17.1.2] AndroidManifest.xml:29:17-117
215                android:value="com.google.firebase.components.ComponentRegistrar" />
215-->[com.google.firebase:firebase-appcheck:17.1.2] AndroidManifest.xml:30:17-82
216            <meta-data
216-->[com.google.firebase:firebase-common-ktx:20.4.2] AndroidManifest.xml:12:13-14:85
217                android:name="com.google.firebase.components:com.google.firebase.ktx.FirebaseCommonLegacyRegistrar"
217-->[com.google.firebase:firebase-common-ktx:20.4.2] AndroidManifest.xml:13:17-116
218                android:value="com.google.firebase.components.ComponentRegistrar" />
218-->[com.google.firebase:firebase-common-ktx:20.4.2] AndroidManifest.xml:14:17-82
219            <meta-data
219-->[com.google.firebase:firebase-common:20.4.2] AndroidManifest.xml:35:13-37:85
220                android:name="com.google.firebase.components:com.google.firebase.FirebaseCommonKtxRegistrar"
220-->[com.google.firebase:firebase-common:20.4.2] AndroidManifest.xml:36:17-109
221                android:value="com.google.firebase.components.ComponentRegistrar" />
221-->[com.google.firebase:firebase-common:20.4.2] AndroidManifest.xml:37:17-82
222        </service>
223
224        <activity
224-->[com.google.firebase:firebase-auth:22.3.1] AndroidManifest.xml:29:9-46:20
225            android:name="com.google.firebase.auth.internal.GenericIdpActivity"
225-->[com.google.firebase:firebase-auth:22.3.1] AndroidManifest.xml:30:13-80
226            android:excludeFromRecents="true"
226-->[com.google.firebase:firebase-auth:22.3.1] AndroidManifest.xml:31:13-46
227            android:exported="true"
227-->[com.google.firebase:firebase-auth:22.3.1] AndroidManifest.xml:32:13-36
228            android:launchMode="singleTask"
228-->[com.google.firebase:firebase-auth:22.3.1] AndroidManifest.xml:33:13-44
229            android:theme="@android:style/Theme.Translucent.NoTitleBar" >
229-->[com.google.firebase:firebase-auth:22.3.1] AndroidManifest.xml:34:13-72
230            <intent-filter>
230-->[com.google.firebase:firebase-auth:22.3.1] AndroidManifest.xml:35:13-45:29
231                <action android:name="android.intent.action.VIEW" />
231-->[com.google.firebase:firebase-auth:22.3.1] AndroidManifest.xml:36:17-69
231-->[com.google.firebase:firebase-auth:22.3.1] AndroidManifest.xml:36:25-66
232
233                <category android:name="android.intent.category.DEFAULT" />
233-->[com.google.firebase:firebase-auth:22.3.1] AndroidManifest.xml:38:17-76
233-->[com.google.firebase:firebase-auth:22.3.1] AndroidManifest.xml:38:27-73
234                <category android:name="android.intent.category.BROWSABLE" />
234-->[com.google.firebase:firebase-auth:22.3.1] AndroidManifest.xml:39:17-78
234-->[com.google.firebase:firebase-auth:22.3.1] AndroidManifest.xml:39:27-75
235
236                <data
236-->src/main/AndroidManifest.xml:26:13-48
237                    android:host="firebase.auth"
238                    android:path="/"
239                    android:scheme="genericidp" />
240            </intent-filter>
241        </activity>
242        <activity
242-->[com.google.firebase:firebase-auth:22.3.1] AndroidManifest.xml:47:9-64:20
243            android:name="com.google.firebase.auth.internal.RecaptchaActivity"
243-->[com.google.firebase:firebase-auth:22.3.1] AndroidManifest.xml:48:13-79
244            android:excludeFromRecents="true"
244-->[com.google.firebase:firebase-auth:22.3.1] AndroidManifest.xml:49:13-46
245            android:exported="true"
245-->[com.google.firebase:firebase-auth:22.3.1] AndroidManifest.xml:50:13-36
246            android:launchMode="singleTask"
246-->[com.google.firebase:firebase-auth:22.3.1] AndroidManifest.xml:51:13-44
247            android:theme="@android:style/Theme.Translucent.NoTitleBar" >
247-->[com.google.firebase:firebase-auth:22.3.1] AndroidManifest.xml:52:13-72
248            <intent-filter>
248-->[com.google.firebase:firebase-auth:22.3.1] AndroidManifest.xml:53:13-63:29
249                <action android:name="android.intent.action.VIEW" />
249-->[com.google.firebase:firebase-auth:22.3.1] AndroidManifest.xml:36:17-69
249-->[com.google.firebase:firebase-auth:22.3.1] AndroidManifest.xml:36:25-66
250
251                <category android:name="android.intent.category.DEFAULT" />
251-->[com.google.firebase:firebase-auth:22.3.1] AndroidManifest.xml:38:17-76
251-->[com.google.firebase:firebase-auth:22.3.1] AndroidManifest.xml:38:27-73
252                <category android:name="android.intent.category.BROWSABLE" />
252-->[com.google.firebase:firebase-auth:22.3.1] AndroidManifest.xml:39:17-78
252-->[com.google.firebase:firebase-auth:22.3.1] AndroidManifest.xml:39:27-75
253
254                <data
254-->src/main/AndroidManifest.xml:26:13-48
255                    android:host="firebase.auth"
256                    android:path="/"
257                    android:scheme="recaptcha" />
258            </intent-filter>
259        </activity>
260        <activity
260-->[com.google.android.gms:play-services-base:18.1.0] AndroidManifest.xml:20:9-22:45
261            android:name="com.google.android.gms.common.api.GoogleApiActivity"
261-->[com.google.android.gms:play-services-base:18.1.0] AndroidManifest.xml:20:19-85
262            android:exported="false"
262-->[com.google.android.gms:play-services-base:18.1.0] AndroidManifest.xml:22:19-43
263            android:theme="@android:style/Theme.Translucent.NoTitleBar" />
263-->[com.google.android.gms:play-services-base:18.1.0] AndroidManifest.xml:21:19-78
264
265        <provider
265-->[com.google.firebase:firebase-common:20.4.2] AndroidManifest.xml:23:9-28:39
266            android:name="com.google.firebase.provider.FirebaseInitProvider"
266-->[com.google.firebase:firebase-common:20.4.2] AndroidManifest.xml:24:13-77
267            android:authorities="com.yourcompany.excesseats.firebaseinitprovider"
267-->[com.google.firebase:firebase-common:20.4.2] AndroidManifest.xml:25:13-72
268            android:directBootAware="true"
268-->[com.google.firebase:firebase-common:20.4.2] AndroidManifest.xml:26:13-43
269            android:exported="false"
269-->[com.google.firebase:firebase-common:20.4.2] AndroidManifest.xml:27:13-37
270            android:initOrder="100" />
270-->[com.google.firebase:firebase-common:20.4.2] AndroidManifest.xml:28:13-36
271
272        <meta-data
272-->[com.google.android.gms:play-services-basement:18.3.0] AndroidManifest.xml:21:9-23:69
273            android:name="com.google.android.gms.version"
273-->[com.google.android.gms:play-services-basement:18.3.0] AndroidManifest.xml:22:13-58
274            android:value="@integer/google_play_services_version" />
274-->[com.google.android.gms:play-services-basement:18.3.0] AndroidManifest.xml:23:13-66
275
276        <uses-library
276-->[androidx.window:window:1.0.0] AndroidManifest.xml:25:9-27:40
277            android:name="androidx.window.extensions"
277-->[androidx.window:window:1.0.0] AndroidManifest.xml:26:13-54
278            android:required="false" />
278-->[androidx.window:window:1.0.0] AndroidManifest.xml:27:13-37
279        <uses-library
279-->[androidx.window:window:1.0.0] AndroidManifest.xml:28:9-30:40
280            android:name="androidx.window.sidecar"
280-->[androidx.window:window:1.0.0] AndroidManifest.xml:29:13-51
281            android:required="false" />
281-->[androidx.window:window:1.0.0] AndroidManifest.xml:30:13-37
282
283        <service
283-->[com.google.android.datatransport:transport-backend-cct:2.3.0] AndroidManifest.xml:29:9-35:19
284            android:name="com.google.android.datatransport.runtime.backends.TransportBackendDiscovery"
284-->[com.google.android.datatransport:transport-backend-cct:2.3.0] AndroidManifest.xml:30:13-103
285            android:exported="false" >
285-->[com.google.android.datatransport:transport-backend-cct:2.3.0] AndroidManifest.xml:31:13-37
286            <meta-data
286-->[com.google.android.datatransport:transport-backend-cct:2.3.0] AndroidManifest.xml:32:13-34:39
287                android:name="backend:com.google.android.datatransport.cct.CctBackendFactory"
287-->[com.google.android.datatransport:transport-backend-cct:2.3.0] AndroidManifest.xml:33:17-94
288                android:value="cct" />